{
  "stats": {
    "suites": 1,
    "tests": 1,
    "passes": 1,
    "pending": 0,
    "failures": 0,
    "start": "2021-03-20T21:14:06.790Z",
    "end": "2021-03-20T21:14:25.720Z",
    "duration": 18930,
    "testsRegistered": 1,
    "passPercent": 100,
    "pendingPercent": 0,
    "other": 0,
    "hasOther": false,
    "skipped": 0,
    "hasSkipped": false
  },
  "results": [
    {
      "uuid": "448499ec-f0d7-46ac-b8e3-bb159417a115",
      "title": "",
      "fullFile": "cypress\\integration\\swaglabs.test\\productPage.js",
      "file": "cypress\\integration\\swaglabs.test\\productPage.js",
      "beforeHooks": [],
      "afterHooks": [],
      "tests": [],
      "suites": [
        {
          "uuid": "19994926-ce20-4897-ae27-1561e78ff1ef",
          "title": "Login Into SWAGLABS",
          "fullFile": "",
          "file": "",
          "beforeHooks": [],
          "afterHooks": [],
          "tests": [
            {
              "title": "Verify Products",
              "fullTitle": "Login Into SWAGLABS Verify Products",
              "timedOut": null,
              "duration": 13403,
              "state": "passed",
              "speed": "slow",
              "pass": true,
              "fail": false,
              "pending": false,
              "context": null,
              "code": "var _this = this;\n//Verify Filters\nproduct.dropdown().select('Name (A to Z)').should('have.value', 'az');\nproduct.dropdown().select('Name (Z to A)').should('have.value', 'za');\nvar b = [];\nvar a = this.data.productsZA;\ncy.get('.inventory_item_name').each(function ($e1, index, $list) {\n  for (var i = index; i <= index; i++) {\n    b[i] = $e1.text();\n  }\n}).then(function () {\n  expect(a).to.deep.equal(b); //   b.reverse()\n  //   cy.log(b)\n  //  expect(a).to.deep.equal(b)\n  //  expect(a).to.equal(b)                      \n});\nproduct.dropdown().select('Price (low to high)').should('have.value', 'lohi');\nproduct.dropdown().select('Price (high to low)').should('have.value', 'hilo'); // Backpack price\nvar productPrice;\nvar pPrice;\ncy.get('.inventory_item_price').then(function ($price) {\n  productPrice = $price.eq('1').text();\n  pPrice = productPrice.replace(\"$29.99\", \"29.99\");\n  cy.log(pPrice);\n}); // Select products and add into the cart\nproduct.itemNames().should('have.length', 6).and('be.visible').each(function ($items, index, $list) {\n  var itemName = $items.text();\n  _this.data.productName.forEach(function (el) {\n    if (itemName.includes(el)) {\n      cy.log(el);\n      product.addToCart().eq(index).click();\n    }\n  });\n}); // Verify added products into the cart\nproduct.addedProducts().then(function ($num) {\n  var addedProduct = $num.text();\n  cy.log(addedProduct);\n  var i;\n  for (i = 0; i <= 6; i++) {\n    if (i == addedProduct) {\n      expect(parseInt(addedProduct)).to.be.equal(i);\n    }\n  }\n}); // Cart button\nproduct.cart().should('be.visible').click(); // Verify product price\nvar cartPrice;\ncy.get('.inventory_item_price').then(function ($cprice) {\n  cartPrice = $cprice.eq('0').text();\n  expect(cartPrice).to.be.equal(pPrice);\n}); // Remove product from the cart\nproduct.cartItems().each(function ($cartlist, index, $list) {\n  var cartItems = $cartlist.text();\n  cy.log(cartItems);\n  if (cartItems.includes('Sauce Labs Backpack')) {\n    product.removeCart();\n  }\n});",
              "err": {},
              "uuid": "8606ff2d-aa61-417d-88ac-0595f559f6cf",
              "parentUUID": "19994926-ce20-4897-ae27-1561e78ff1ef",
              "isHook": false,
              "skipped": false
            }
          ],
          "suites": [],
          "passes": [
            "8606ff2d-aa61-417d-88ac-0595f559f6cf"
          ],
          "failures": [],
          "pending": [],
          "skipped": [],
          "duration": 13403,
          "root": false,
          "rootEmpty": false,
          "_timeout": 2000
        }
      ],
      "passes": [],
      "failures": [],
      "pending": [],
      "skipped": [],
      "duration": 0,
      "root": true,
      "rootEmpty": true,
      "_timeout": 2000
    }
  ],
  "meta": {
    "mocha": {
      "version": "7.0.1"
    },
    "mochawesome": {
      "options": {
        "quiet": false,
        "reportFilename": "report",
        "saveHtml": true,
        "saveJson": true,
        "consoleReporter": "spec",
        "useInlineDiffs": false,
        "code": true
      },
      "version": "6.2.2"
    },
    "marge": {
      "options": {
        "reportDir": "cypress/reports",
        "reportFilename": "report",
        "overwrite": false,
        "html": true,
        "json": true,
        "charts": true
      },
      "version": "5.2.0"
    }
  }
}