{
  "stats": {
    "suites": 1,
    "tests": 6,
    "passes": 6,
    "pending": 0,
    "failures": 0,
    "start": "2021-03-24T11:11:59.368Z",
    "end": "2021-03-24T11:12:30.133Z",
    "duration": 30765,
    "testsRegistered": 6,
    "passPercent": 100,
    "pendingPercent": 0,
    "other": 0,
    "hasOther": false,
    "skipped": 0,
    "hasSkipped": false
  },
  "results": [
    {
      "uuid": "07abc238-4ca8-427f-b288-237dc7cb02c5",
      "title": "",
      "fullFile": "cypress\\integration\\swaglabs.test\\login.spec.js",
      "file": "cypress\\integration\\swaglabs.test\\login.spec.js",
      "beforeHooks": [],
      "afterHooks": [],
      "tests": [],
      "suites": [
        {
          "uuid": "498eb8e1-6522-4243-ab22-f3004740da8c",
          "title": "Login Into SWAGLABS",
          "fullFile": "",
          "file": "",
          "beforeHooks": [],
          "afterHooks": [],
          "tests": [
            {
              "title": "Login With Invalid Username And Valid Password",
              "fullTitle": "Login Into SWAGLABS Login With Invalid Username And Valid Password",
              "timedOut": null,
              "duration": 9702,
              "state": "passed",
              "speed": "slow",
              "pass": true,
              "fail": false,
              "pending": false,
              "context": null,
              "code": "lp.username(this.data.wrongUsername);\nlp.password(this.data.password);\nlp.submit();\ncy.get('h3').then(function ($error) {\n  var errorText = $error.text();\n  expect(errorText).to.be.equal('Epic sadface: Username and password do not match any user in this service');\n});",
              "err": {},
              "uuid": "156350c7-118d-4b54-9293-e5d84941f166",
              "parentUUID": "498eb8e1-6522-4243-ab22-f3004740da8c",
              "isHook": false,
              "skipped": false
            },
            {
              "title": "Login With valid Username And Invalid Password",
              "fullTitle": "Login Into SWAGLABS Login With valid Username And Invalid Password",
              "timedOut": null,
              "duration": 2587,
              "state": "passed",
              "speed": "slow",
              "pass": true,
              "fail": false,
              "pending": false,
              "context": null,
              "code": "lp.username(this.data.username);\nlp.password(this.data.wrongPassword);\nlp.submit();\ncy.get('h3').then(function ($error) {\n  var errorText = $error.text();\n  expect(errorText).to.be.equal('Epic sadface: Username and password do not match any user in this service');\n});",
              "err": {},
              "uuid": "2fc7a30c-3c7a-4055-abfd-bce95f3e6ddc",
              "parentUUID": "498eb8e1-6522-4243-ab22-f3004740da8c",
              "isHook": false,
              "skipped": false
            },
            {
              "title": "Login With blank Username And valid Password",
              "fullTitle": "Login Into SWAGLABS Login With blank Username And valid Password",
              "timedOut": null,
              "duration": 2771,
              "state": "passed",
              "speed": "slow",
              "pass": true,
              "fail": false,
              "pending": false,
              "context": null,
              "code": "lp.blankUsername();\nlp.password(this.data.password);\nlp.submit();\ncy.get('h3').then(function ($error) {\n  var errorText = $error.text();\n  expect(errorText).to.be.equal('Epic sadface: Username is required');\n});",
              "err": {},
              "uuid": "a5910b1d-1eeb-423a-9491-69636cf2af56",
              "parentUUID": "498eb8e1-6522-4243-ab22-f3004740da8c",
              "isHook": false,
              "skipped": false
            },
            {
              "title": "Login With valid Username And blank Password",
              "fullTitle": "Login Into SWAGLABS Login With valid Username And blank Password",
              "timedOut": null,
              "duration": 2235,
              "state": "passed",
              "speed": "slow",
              "pass": true,
              "fail": false,
              "pending": false,
              "context": null,
              "code": "lp.username(this.data.username);\nlp.blankPassword();\nlp.submit();\ncy.get('h3').then(function ($error) {\n  var errorText = $error.text();\n  expect(errorText).to.be.equal('Epic sadface: Password is required');\n});",
              "err": {},
              "uuid": "41b152e4-ac4b-4d8f-872e-f02fcb1da1c5",
              "parentUUID": "498eb8e1-6522-4243-ab22-f3004740da8c",
              "isHook": false,
              "skipped": false
            },
            {
              "title": "Login With blank Username And blank Password",
              "fullTitle": "Login Into SWAGLABS Login With blank Username And blank Password",
              "timedOut": null,
              "duration": 1889,
              "state": "passed",
              "speed": "slow",
              "pass": true,
              "fail": false,
              "pending": false,
              "context": null,
              "code": "lp.blankUsername();\nlp.blankPassword();\nlp.submit();\ncy.get('h3').then(function ($error) {\n  var errorText = $error.text();\n  expect(errorText).to.be.equal('Epic sadface: Username is required');\n});",
              "err": {},
              "uuid": "ad4174ea-1937-48c0-b59f-1a94ca1f1b87",
              "parentUUID": "498eb8e1-6522-4243-ab22-f3004740da8c",
              "isHook": false,
              "skipped": false
            },
            {
              "title": "Login With Valid Username And Password",
              "fullTitle": "Login Into SWAGLABS Login With Valid Username And Password",
              "timedOut": null,
              "duration": 3587,
              "state": "passed",
              "speed": "slow",
              "pass": true,
              "fail": false,
              "pending": false,
              "context": null,
              "code": "cy.login(this.data.username, this.data.password);",
              "err": {},
              "uuid": "4cdc409d-22b2-4439-86ac-2a9ed8a048b3",
              "parentUUID": "498eb8e1-6522-4243-ab22-f3004740da8c",
              "isHook": false,
              "skipped": false
            }
          ],
          "suites": [],
          "passes": [
            "156350c7-118d-4b54-9293-e5d84941f166",
            "2fc7a30c-3c7a-4055-abfd-bce95f3e6ddc",
            "a5910b1d-1eeb-423a-9491-69636cf2af56",
            "41b152e4-ac4b-4d8f-872e-f02fcb1da1c5",
            "ad4174ea-1937-48c0-b59f-1a94ca1f1b87",
            "4cdc409d-22b2-4439-86ac-2a9ed8a048b3"
          ],
          "failures": [],
          "pending": [],
          "skipped": [],
          "duration": 22771,
          "root": false,
          "rootEmpty": false,
          "_timeout": 2000
        }
      ],
      "passes": [],
      "failures": [],
      "pending": [],
      "skipped": [],
      "duration": 0,
      "root": true,
      "rootEmpty": true,
      "_timeout": 2000
    }
  ],
  "meta": {
    "mocha": {
      "version": "7.0.1"
    },
    "mochawesome": {
      "options": {
        "quiet": false,
        "reportFilename": "report",
        "saveHtml": true,
        "saveJson": true,
        "consoleReporter": "spec",
        "useInlineDiffs": false,
        "code": true
      },
      "version": "6.2.2"
    },
    "marge": {
      "options": {
        "reportDir": "cypress/reports",
        "reportFilename": "report",
        "overwrite": false,
        "html": true,
        "json": true,
        "charts": true
      },
      "version": "5.2.0"
    }
  }
}