{
  "stats": {
    "suites": 1,
    "tests": 1,
    "passes": 1,
    "pending": 0,
    "failures": 0,
    "start": "2021-03-24T11:10:36.981Z",
    "end": "2021-03-24T11:11:50.748Z",
    "duration": 73767,
    "testsRegistered": 1,
    "passPercent": 100,
    "pendingPercent": 0,
    "other": 0,
    "hasOther": false,
    "skipped": 0,
    "hasSkipped": false
  },
  "results": [
    {
      "uuid": "05b99d83-99e8-488d-8b13-7cc9c20e87dc",
      "title": "",
      "fullFile": "cypress\\integration\\swaglabs.test\\checkout.spec.js",
      "file": "cypress\\integration\\swaglabs.test\\checkout.spec.js",
      "beforeHooks": [],
      "afterHooks": [],
      "tests": [],
      "suites": [
        {
          "uuid": "5f942e39-64a3-4d41-9ea5-2fd1bbd953ff",
          "title": "SWAGLABS",
          "fullFile": "",
          "file": "",
          "beforeHooks": [],
          "afterHooks": [],
          "tests": [
            {
              "title": "Verify Checkout",
              "fullTitle": "SWAGLABS Verify Checkout",
              "timedOut": null,
              "duration": 58926,
              "state": "passed",
              "speed": "slow",
              "pass": true,
              "fail": false,
              "pending": false,
              "context": null,
              "code": "var _this = this;\n// Select products and add into the cart\ncheckout.itemNames().should('have.length', 6).and('be.visible').each(function ($items, index, $list) {\n  var itemName = $items.text();\n  _this.data.productName.forEach(function (el) {\n    if (itemName.includes(el)) {\n      checkout.addToCart().eq(index).click();\n    }\n  });\n});\ncheckout.cart().should('be.visible').click();\ncheckout.checkoutButton(); // Checkout without firstname\ncheckout.lastName('Singh');\ncheckout.zipCode('123');\ncheckout.countinue();\ncy.get('h3').then(function ($error) {\n  var errorText = $error.text();\n  expect(errorText).to.be.equal('Error: First Name is required');\n}); // Checkout without lastname\ncy.reload();\ncheckout.firstName('Rahul');\ncheckout.zipCode('123');\ncheckout.countinue();\ncy.get('h3').then(function ($error1) {\n  var errorText1 = $error1.text();\n  expect(errorText1).to.be.equal('Error: Last Name is required');\n}); // Checkout without zipcode\ncy.reload();\ncheckout.firstName('Rahul');\ncheckout.lastName('Singh');\ncheckout.countinue();\ncy.get('h3').then(function ($error1) {\n  var errorText1 = $error1.text();\n  expect(errorText1).to.be.equal('Error: Postal Code is required');\n}); // checkout with valid user details\ncy.checkout('Rahul', 'Singh', '123');\ncheckout.countinue();\ncheckout.finish();\ncheckout.successMessage().then(function ($success) {\n  var messsage = $success.text();\n  expect(messsage).to.be.equal('THANK YOU FOR YOUR ORDER');\n});",
              "err": {},
              "uuid": "bd6646d8-98ff-4952-8c31-a6a71b3f9cd9",
              "parentUUID": "5f942e39-64a3-4d41-9ea5-2fd1bbd953ff",
              "isHook": false,
              "skipped": false
            }
          ],
          "suites": [],
          "passes": [
            "bd6646d8-98ff-4952-8c31-a6a71b3f9cd9"
          ],
          "failures": [],
          "pending": [],
          "skipped": [],
          "duration": 58926,
          "root": false,
          "rootEmpty": false,
          "_timeout": 2000
        }
      ],
      "passes": [],
      "failures": [],
      "pending": [],
      "skipped": [],
      "duration": 0,
      "root": true,
      "rootEmpty": true,
      "_timeout": 2000
    }
  ],
  "meta": {
    "mocha": {
      "version": "7.0.1"
    },
    "mochawesome": {
      "options": {
        "quiet": false,
        "reportFilename": "report",
        "saveHtml": true,
        "saveJson": true,
        "consoleReporter": "spec",
        "useInlineDiffs": false,
        "code": true
      },
      "version": "6.2.2"
    },
    "marge": {
      "options": {
        "reportDir": "cypress/reports",
        "reportFilename": "report",
        "overwrite": false,
        "html": true,
        "json": true,
        "charts": true
      },
      "version": "5.2.0"
    }
  }
}